TN:
SF:apiRoutes.js
FN:10,(anonymous_0)
FNF:1
FNH:1
FNDA:1,(anonymous_0)
DA:1,4
DA:2,4
DA:3,4
DA:4,4
DA:5,4
DA:6,4
DA:7,4
DA:8,4
DA:10,4
DA:11,1
DA:14,4
DA:15,4
DA:16,4
DA:18,4
DA:21,4
LF:15
LH:15
BRF:0
BRH:0
end_of_record
TN:
SF:db.js
FN:7,connectToDB
FNF:1
FNH:1
FNDA:5,connectToDB
DA:1,4
DA:3,4
DA:4,4
DA:6,4
DA:8,5
DA:9,5
DA:10,5
DA:12,5
DA:14,0
DA:15,0
DA:19,4
LF:11
LH:9
BRF:0
BRH:0
end_of_record
TN:
SF:server.js
FNF:0
FNH:0
DA:1,4
DA:2,4
DA:3,4
DA:4,4
DA:6,4
DA:7,4
DA:9,4
LF:7
LH:7
BRF:0
BRH:0
end_of_record
TN:
SF:config/redis.config.js
FNF:0
FNH:0
DA:1,4
LF:1
LH:1
BRDA:3,0,0,4
BRDA:3,0,1,0
BRDA:4,1,0,4
BRDA:4,1,1,0
BRF:4
BRH:2
end_of_record
TN:
SF:controllers/currency.controller.js
FN:4,convert
FNF:1
FNH:1
FNDA:2,convert
DA:1,4
DA:2,4
DA:5,2
DA:6,2
DA:7,2
DA:8,2
DA:9,2
DA:10,2
DA:11,2
DA:12,2
DA:13,2
DA:14,2
DA:15,2
DA:16,1
DA:18,1
DA:19,1
DA:20,1
DA:27,1
DA:28,1
DA:30,0
DA:31,0
DA:35,4
LF:22
LH:20
BRDA:15,0,0,1
BRDA:15,0,1,1
BRF:2
BRH:2
end_of_record
TN:
SF:controllers/user.controller.js
FN:5,registerUser
FN:27,loginUser
FN:47,getUserHistory
FNF:3
FNH:2
FNDA:3,registerUser
FNDA:2,loginUser
FNDA:0,getUserHistory
DA:1,4
DA:2,4
DA:3,4
DA:6,3
DA:7,3
DA:8,3
DA:9,3
DA:10,3
DA:12,3
DA:13,3
DA:15,3
DA:21,0
DA:22,0
DA:28,2
DA:29,2
DA:30,2
DA:31,2
DA:32,2
DA:33,1
DA:35,1
DA:36,1
DA:37,0
DA:39,1
DA:40,1
DA:42,0
DA:43,0
DA:48,0
DA:49,0
DA:50,0
DA:51,0
DA:52,0
DA:54,0
DA:55,0
DA:59,4
LF:34
LH:22
BRDA:32,0,0,1
BRDA:32,0,1,1
BRDA:36,1,0,0
BRDA:36,1,1,1
BRF:4
BRH:3
end_of_record
TN:
SF:jobs/save_user_history.job.js
FN:9,(anonymous_0)
FNF:1
FNH:0
FNDA:0,(anonymous_0)
DA:1,4
DA:2,4
DA:3,4
DA:5,4
DA:9,4
DA:10,0
DA:11,0
DA:12,0
DA:15,4
LF:9
LH:6
BRF:0
BRH:0
end_of_record
TN:
SF:middlewares/auth.middleware.js
FN:4,(anonymous_0)
FN:11,(anonymous_1)
FNF:2
FNH:2
FNDA:2,(anonymous_0)
FNDA:2,(anonymous_1)
DA:1,4
DA:2,4
DA:4,4
DA:5,2
DA:7,2
DA:8,0
DA:11,2
DA:12,2
DA:13,0
DA:15,2
DA:16,2
DA:21,4
LF:12
LH:10
BRDA:7,0,0,0
BRDA:7,0,1,2
BRDA:12,1,0,0
BRDA:12,1,1,2
BRF:4
BRH:2
end_of_record
TN:
SF:middlewares/userLoginValidator.middleware.js
FN:12,(anonymous_0)
FNF:1
FNH:1
FNDA:2,(anonymous_0)
DA:1,4
DA:3,4
DA:13,2
DA:14,2
DA:15,0
DA:17,2
LF:6
LH:5
BRDA:14,0,0,0
BRDA:14,0,1,2
BRF:2
BRH:1
end_of_record
TN:
SF:middlewares/userRegisterValidator.middleware.js
FN:14,(anonymous_0)
FNF:1
FNH:1
FNDA:6,(anonymous_0)
DA:1,4
DA:3,4
DA:15,6
DA:16,6
DA:17,3
DA:19,3
LF:6
LH:6
BRDA:16,0,0,3
BRDA:16,0,1,3
BRF:2
BRH:2
end_of_record
